[debug] [2018-06-30T23:40:21.957Z] ----------------------------------------------------------------------
[debug] [2018-06-30T23:40:21.959Z] Command:       /usr/bin/node /usr/local/bin/firebase deploy
[debug] [2018-06-30T23:40:21.959Z] CLI Version:   3.19.1
[debug] [2018-06-30T23:40:21.959Z] Platform:      linux
[debug] [2018-06-30T23:40:21.959Z] Node Version:  v10.4.0
[debug] [2018-06-30T23:40:21.960Z] Time:          Sat Jun 30 2018 19:40:21 GMT-0400 (Eastern Daylight Time)
[debug] [2018-06-30T23:40:21.960Z] ----------------------------------------------------------------------
[debug] 
[debug] [2018-06-30T23:40:21.968Z] > command requires scopes: ["email","openid","https://www.googleapis.com/auth/cloudplatformprojects.readonly","https://www.googleapis.com/auth/firebase","https://www.googleapis.com/auth/cloud-platform"]
[debug] [2018-06-30T23:40:21.968Z] > authorizing via signed-in user
[debug] [2018-06-30T23:40:21.970Z] > refreshing access token with scopes: ["email","https://www.googleapis.com/auth/cloud-platform","https://www.googleapis.com/auth/cloudplatformprojects.readonly","https://www.googleapis.com/auth/firebase","openid"]
[debug] [2018-06-30T23:40:21.970Z] >>> HTTP REQUEST POST https://www.googleapis.com/oauth2/v3/token  
 { refresh_token:
   '1/QBB1wVKp0nvWBpMl73E5xmoahwecXAiMjjj2m1Kh2ETY1h7JG01fv6UOr2FfdMQA',
  client_id:
   '563584335869-fgrhgmd47bqnekij5i8b5pr03ho849e6.apps.googleusercontent.com',
  client_secret: 'j9iVZfS8kkCEFUPaAeJV0sAi',
  grant_type: 'refresh_token',
  scope:
   'email https://www.googleapis.com/auth/cloud-platform https://www.googleapis.com/auth/cloudplatformprojects.readonly https://www.googleapis.com/auth/firebase openid' } 
 Sat Jun 30 2018 19:40:21 GMT-0400 (Eastern Daylight Time)
[debug] [2018-06-30T23:40:22.237Z] <<< HTTP RESPONSE 200
[debug] [2018-06-30T23:40:22.248Z] >>> HTTP REQUEST GET https://admin.firebase.com/v1/projects/production  
  
 Sat Jun 30 2018 19:40:22 GMT-0400 (Eastern Daylight Time)
[debug] [2018-06-30T23:40:22.571Z] <<< HTTP RESPONSE 500
[debug] [2018-06-30T23:40:22.577Z] <<< HTTP RESPONSE BODY
[info] 
[warn] ⚠  Your CLI authentication needs to be updated to take advantage of new features.
[warn] ⚠  Please run firebase login --reauth
[info] 
[debug] [2018-06-30T23:40:22.590Z] > command requires scopes: ["email","openid","https://www.googleapis.com/auth/cloudplatformprojects.readonly","https://www.googleapis.com/auth/firebase"]
[debug] [2018-06-30T23:40:22.590Z] > authorizing via signed-in user
[debug] [2018-06-30T23:40:22.590Z] > refreshing access token with scopes: ["email","https://www.googleapis.com/auth/cloudplatformprojects.readonly","https://www.googleapis.com/auth/firebase","openid"]
[debug] [2018-06-30T23:40:22.590Z] >>> HTTP REQUEST POST https://www.googleapis.com/oauth2/v3/token  
 { refresh_token:
   '1/QBB1wVKp0nvWBpMl73E5xmoahwecXAiMjjj2m1Kh2ETY1h7JG01fv6UOr2FfdMQA',
  client_id:
   '563584335869-fgrhgmd47bqnekij5i8b5pr03ho849e6.apps.googleusercontent.com',
  client_secret: 'j9iVZfS8kkCEFUPaAeJV0sAi',
  grant_type: 'refresh_token',
  scope:
   'email https://www.googleapis.com/auth/cloudplatformprojects.readonly https://www.googleapis.com/auth/firebase openid' } 
 Sat Jun 30 2018 19:40:22 GMT-0400 (Eastern Daylight Time)
[debug] [2018-06-30T23:40:22.769Z] <<< HTTP RESPONSE 200
[debug] [2018-06-30T23:40:22.775Z] >>> HTTP REQUEST GET https://admin.firebase.com/v1/projects/production  
  
 Sat Jun 30 2018 19:40:22 GMT-0400 (Eastern Daylight Time)
[debug] [2018-06-30T23:40:23.105Z] <<< HTTP RESPONSE 500
[debug] [2018-06-30T23:40:23.105Z] <<< HTTP RESPONSE BODY
[error] 
[error] Error: HTTP Error: 500, An unknown error occurred. Please contact support.
[debug] [2018-06-30T23:40:23.321Z] Error Context: {
  "body": {
    "error": {
      "code": "UNKNOWN_ERROR",
      "message": "An unknown error occurred. Please contact support."
    }
  },
  "response": {
    "statusCode": 500,
    "body": {
      "error": {
        "code": "UNKNOWN_ERROR",
        "message": "An unknown error occurred. Please contact support."
      }
    },
    "headers": {
      "server": "nginx",
      "date": "Sat, 30 Jun 2018 23:40:23 GMT",
      "content-type": "application/json; charset=utf-8",
      "content-length": "97",
      "connection": "close",
      "x-content-type-options": "nosniff"
    },
    "request": {
      "uri": {
        "protocol": "https:",
        "slashes": true,
        "auth": null,
        "host": "admin.firebase.com",
        "port": 443,
        "hostname": "admin.firebase.com",
        "hash": null,
        "search": null,
        "query": null,
        "pathname": "/v1/projects/production",
        "path": "/v1/projects/production",
        "href": "https://admin.firebase.com/v1/projects/production"
      },
      "method": "GET"
    }
  }
}
